Using pre-set license
Built from '2020.2/release' branch; Version is '2020.2.2f1 (068178b99f32) revision 426360'; Using compiler version '192528614'; Build Type 'Release'
OS: 'Windows 10 Education; OS build 18363.1556; Version 1909; 64bit' Language: 'ko' Physical Memory: 16240 MB
BatchMode: 1, IsHumanControllingUs: 0, StartBugReporterOnCrash: 0, Is64bit: 1, IsPro: 0

 COMMAND LINE ARGUMENTS:
C:\Program Files\Unity\Hub\Editor\2020.2.2f1\Editor\Unity.exe
-adb2
-batchMode
-noUpm
-name
AssetImportWorker0
-projectPath
C:/gamework/Testa
-logFile
Logs/AssetImportWorker0.log
-srvPort
62376
Successfully changed project path to: C:/gamework/Testa
C:/gamework/Testa
Using Asset Import Pipeline V2.
Refreshing native plugins compatible for Editor in 72.65 ms, found 2 plugins.
Preloading 0 native plugins for Editor in 0.00 ms.
Initialize engine version: 2020.2.2f1 (068178b99f32)
[Subsystems] Discovering subsystems at path C:/Program Files/Unity/Hub/Editor/2020.2.2f1/Editor/Data/Resources/UnitySubsystems
[Subsystems] Discovering subsystems at path C:/gamework/Testa/Assets
GfxDevice: creating device client; threaded=0
Direct3D:
    Version:  Direct3D 11.0 [level 11.1]
    Renderer: NVIDIA GeForce GTX 1660 Ti (ID=0x2191)
    Vendor:   
    VRAM:     5991 MB
    Driver:   27.21.14.6156
Initialize mono
Mono path[0] = 'C:/Program Files/Unity/Hub/Editor/2020.2.2f1/Editor/Data/Managed'
Mono path[1] = 'C:/Program Files/Unity/Hub/Editor/2020.2.2f1/Editor/Data/MonoBleedingEdge/lib/mono/unityjit'
Mono config path = 'C:/Program Files/Unity/Hub/Editor/2020.2.2f1/Editor/Data/MonoBleedingEdge/etc'
Using monoOptions --debugger-agent=transport=dt_socket,embedding=1,server=y,suspend=n,address=127.0.0.1:56544
Begin MonoManager ReloadAssembly
Registering precompiled unity dll's ...
Register platform support module: C:/Program Files/Unity/Hub/Editor/2020.2.2f1/Editor/Data/PlaybackEngines/WindowsStandaloneSupport/UnityEditor.WindowsStandalone.Extensions.dll
Registered in 0.009093 seconds.
Native extension for WindowsStandalone target not found
Refreshing native plugins compatible for Editor in 55.88 ms, found 2 plugins.
Preloading 0 native plugins for Editor in 0.00 ms.
Invoked RoslynAnalysisRunner static constructor.
RoslynAnalysisRunner will not be running.
RoslynAnalysisRunner has terminated.
Mono: successfully reloaded assembly
- Completed reload, in  5.288 seconds
Platform modules already initialized, skipping
Registering precompiled user dll's ...
Registered in 0.032209 seconds.
Begin MonoManager ReloadAssembly
Native extension for WindowsStandalone target not found
Refreshing native plugins compatible for Editor in 62.87 ms, found 2 plugins.
Preloading 0 native plugins for Editor in 0.00 ms.
Invoked RoslynAnalysisRunner static constructor.
RoslynAnalysisRunner will not be running.
RoslynAnalysisRunner has terminated.
Mono: successfully reloaded assembly
- Completed reload, in  1.810 seconds
Platform modules already initialized, skipping
========================================================================
Worker process is ready to serve import requests
Launched and connected shader compiler UnityShaderCompiler.exe after 0.07 seconds
Refreshing native plugins compatible for Editor in 0.44 ms, found 2 plugins.
Preloading 0 native plugins for Editor in 0.00 ms.
Unloading 1810 Unused Serialized files (Serialized files now loaded: 0)
System memory in use before: 88.0 MB.
System memory in use after: 88.0 MB.

Unloading 40 unused Assets to reduce memory usage. Loaded Objects now: 2321.
Total: 2.055600 ms (FindLiveObjects: 0.191200 ms CreateObjectMapping: 0.076300 ms MarkObjects: 1.666700 ms  DeleteObjects: 0.120300 ms)

========================================================================
Received Import Request.
  path: Assets/Macros/Monster.asset
  artifactKey: Guid(743d9c7faa6c58b4dae577713129d847) Importer(815301076,1909f56bfc062723c751e8b465ee728b)
Start importing Assets/Macros/Monster.asset using Guid(743d9c7faa6c58b4dae577713129d847) Importer(815301076,1909f56bfc062723c751e8b465ee728b)  -> (artifact id: 'be6907215e2299900a2570a673b270b8') in 0.784031 seconds
  Import took 0.788235 seconds .

========================================================================
Received Import Request.
  Time since last request: 0.000319 seconds.
  path: Assets/Macros/PlayerController.asset
  artifactKey: Guid(8695114e10cba49429e8ec9af429dc1e) Importer(815301076,1909f56bfc062723c751e8b465ee728b)
Start importing Assets/Macros/PlayerController.asset using Guid(8695114e10cba49429e8ec9af429dc1e) Importer(815301076,1909f56bfc062723c751e8b465ee728b)  -> (artifact id: 'd324dca09fe217080fbed9c6c6fc6970') in 0.187216 seconds
  Import took 0.191839 seconds .

========================================================================
Received Import Request.
  Time since last request: 1.974285 seconds.
  path: Assets/Ani
  artifactKey: Guid(76137fd74cb52e045ab12aa6fff4f156) Importer(815301076,1909f56bfc062723c751e8b465ee728b)
Start importing Assets/Ani using Guid(76137fd74cb52e045ab12aa6fff4f156) Importer(815301076,1909f56bfc062723c751e8b465ee728b)  -> (artifact id: 'f760be6dc4716099d001373685758358') in 0.010987 seconds
  Import took 0.014303 seconds .

========================================================================
Received Import Request.
  Time since last request: 21.310536 seconds.
  path: Assets/Ludiq
  artifactKey: Guid(1f1c25471478ca44a9cb263d6a501f6a) Importer(815301076,1909f56bfc062723c751e8b465ee728b)
Start importing Assets/Ludiq using Guid(1f1c25471478ca44a9cb263d6a501f6a) Importer(815301076,1909f56bfc062723c751e8b465ee728b)  -> (artifact id: '6f47c198a016352c85ae5816d037b16b') in 0.010143 seconds
  Import took 0.014452 seconds .

========================================================================
Received Import Request.
  Time since last request: 22.275951 seconds.
  path: Assets/Sprites
  artifactKey: Guid(8a04ae4e41b36f845ac9180fda0b21cc) Importer(815301076,1909f56bfc062723c751e8b465ee728b)
Start importing Assets/Sprites using Guid(8a04ae4e41b36f845ac9180fda0b21cc) Importer(815301076,1909f56bfc062723c751e8b465ee728b)  -> (artifact id: '91a16c68e63ee3216fe97883ec1d2d1c') in 0.011545 seconds
  Import took 0.017395 seconds .

========================================================================
Received Import Request.
  Time since last request: 0.000934 seconds.
  path: Assets/Sprites
  artifactKey: Guid(8a04ae4e41b36f845ac9180fda0b21cc) Importer(815301076,1909f56bfc062723c751e8b465ee728b)
Start importing Assets/Sprites using Guid(8a04ae4e41b36f845ac9180fda0b21cc) Importer(815301076,1909f56bfc062723c751e8b465ee728b)  -> (artifact id: '91a16c68e63ee3216fe97883ec1d2d1c') in 0.007036 seconds
  Import took 0.011848 seconds .

========================================================================
Received Import Request.
  Time since last request: 1.882715 seconds.
  path: Assets/Sprites/Enemies_Death
  artifactKey: Guid(077000cd8c63ada4ab0264cdbab04bf6) Importer(815301076,1909f56bfc062723c751e8b465ee728b)
Start importing Assets/Sprites/Enemies_Death using Guid(077000cd8c63ada4ab0264cdbab04bf6) Importer(815301076,1909f56bfc062723c751e8b465ee728b)  -> (artifact id: 'bc6263a081f957593ad2c5578db380cd') in 0.009848 seconds
  Import took 0.013762 seconds .

========================================================================
Received Import Request.
  Time since last request: 8.271232 seconds.
  path: Assets/Art
  artifactKey: Guid(8a04ae4e41b36f845ac9180fda0b21cc) Importer(815301076,1909f56bfc062723c751e8b465ee728b)
Start importing Assets/Art using Guid(8a04ae4e41b36f845ac9180fda0b21cc) Importer(815301076,1909f56bfc062723c751e8b465ee728b)  -> (artifact id: '8125aa7ead2954ad702c7eb1c53341b3') in 0.011773 seconds
  Import took 0.016467 seconds .

========================================================================
Received Import Request.
  Time since last request: 14.608398 seconds.
  path: Assets/Sound
  artifactKey: Guid(b39f0bc7dc75fe74bbd44fc9263964e2) Importer(815301076,1909f56bfc062723c751e8b465ee728b)
Start importing Assets/Sound using Guid(b39f0bc7dc75fe74bbd44fc9263964e2) Importer(815301076,1909f56bfc062723c751e8b465ee728b)  -> (artifact id: '659209d1073776ee8f748542ddf58919') in 0.009706 seconds
  Import took 0.013362 seconds .

========================================================================
Received Prepare
Registering precompiled user dll's ...
Registered in 0.027498 seconds.
Begin MonoManager ReloadAssembly
Native extension for WindowsStandalone target not found
Refreshing native plugins compatible for Editor in 0.57 ms, found 2 plugins.
Preloading 0 native plugins for Editor in 0.00 ms.
Invoked RoslynAnalysisRunner static constructor.
RoslynAnalysisRunner will not be running.
RoslynAnalysisRunner has terminated.
Mono: successfully reloaded assembly
- Completed reload, in  1.627 seconds
Platform modules already initialized, skipping
Refreshing native plugins compatible for Editor in 0.96 ms, found 2 plugins.
Preloading 0 native plugins for Editor in 0.00 ms.
Unloading 1805 Unused Serialized files (Serialized files now loaded: 0)
System memory in use before: 88.0 MB.
System memory in use after: 88.0 MB.

Unloading 28 unused Assets to reduce memory usage. Loaded Objects now: 2324.
Total: 2.867100 ms (FindLiveObjects: 0.244900 ms CreateObjectMapping: 0.117200 ms MarkObjects: 2.282900 ms  DeleteObjects: 0.220500 ms)

========================================================================
Received Prepare
Registering precompiled user dll's ...
Registered in 0.022031 seconds.
Begin MonoManager ReloadAssembly
Native extension for WindowsStandalone target not found
Refreshing native plugins compatible for Editor in 0.66 ms, found 2 plugins.
Preloading 0 native plugins for Editor in 0.00 ms.
Invoked RoslynAnalysisRunner static constructor.
RoslynAnalysisRunner will not be running.
RoslynAnalysisRunner has terminated.
Mono: successfully reloaded assembly
- Completed reload, in  1.284 seconds
Platform modules already initialized, skipping
Refreshing native plugins compatible for Editor in 0.41 ms, found 2 plugins.
Preloading 0 native plugins for Editor in 0.00 ms.
Unloading 1805 Unused Serialized files (Serialized files now loaded: 0)
System memory in use before: 88.2 MB.
System memory in use after: 88.2 MB.

Unloading 28 unused Assets to reduce memory usage. Loaded Objects now: 2327.
Total: 1.815700 ms (FindLiveObjects: 0.154200 ms CreateObjectMapping: 0.058400 ms MarkObjects: 1.470400 ms  DeleteObjects: 0.132000 ms)

========================================================================
Received Import Request.
  Time since last request: 250.525594 seconds.
  path: Assets/Scripts/Player.cs
  artifactKey: Guid(c50ec54013b5a574b85156990fcf8991) Importer(815301076,1909f56bfc062723c751e8b465ee728b)
Start importing Assets/Scripts/Player.cs using Guid(c50ec54013b5a574b85156990fcf8991) Importer(815301076,1909f56bfc062723c751e8b465ee728b)  -> (artifact id: '0c7f6ecf95333fe1ac0ddf75f014129e') in 0.019775 seconds
  Import took 0.022968 seconds .

========================================================================
Received Import Request.
  Time since last request: 0.062025 seconds.
  path: Assets/Scripts/Player.cs
  artifactKey: Guid(c50ec54013b5a574b85156990fcf8991) Importer(815301076,1909f56bfc062723c751e8b465ee728b)
Start importing Assets/Scripts/Player.cs using Guid(c50ec54013b5a574b85156990fcf8991) Importer(815301076,1909f56bfc062723c751e8b465ee728b)  -> (artifact id: '0c7f6ecf95333fe1ac0ddf75f014129e') in 0.004154 seconds
  Import took 0.008082 seconds .

========================================================================
Received Prepare
Registering precompiled user dll's ...
Registered in 0.024685 seconds.
Begin MonoManager ReloadAssembly
Native extension for WindowsStandalone target not found
Refreshing native plugins compatible for Editor in 0.41 ms, found 2 plugins.
Preloading 0 native plugins for Editor in 0.00 ms.
Invoked RoslynAnalysisRunner static constructor.
RoslynAnalysisRunner will not be running.
RoslynAnalysisRunner has terminated.
Mono: successfully reloaded assembly
- Completed reload, in  1.251 seconds
Platform modules already initialized, skipping
Refreshing native plugins compatible for Editor in 0.43 ms, found 2 plugins.
Preloading 0 native plugins for Editor in 0.00 ms.
Unloading 1805 Unused Serialized files (Serialized files now loaded: 0)
System memory in use before: 88.3 MB.
System memory in use after: 88.3 MB.

Unloading 28 unused Assets to reduce memory usage. Loaded Objects now: 2330.
Total: 2.183800 ms (FindLiveObjects: 0.164800 ms CreateObjectMapping: 0.076200 ms MarkObjects: 1.806800 ms  DeleteObjects: 0.135400 ms)

========================================================================
Received Prepare
Registering precompiled user dll's ...
Registered in 0.023700 seconds.
Begin MonoManager ReloadAssembly
Native extension for WindowsStandalone target not found
Refreshing native plugins compatible for Editor in 0.59 ms, found 2 plugins.
Preloading 0 native plugins for Editor in 0.00 ms.
Invoked RoslynAnalysisRunner static constructor.
RoslynAnalysisRunner will not be running.
RoslynAnalysisRunner has terminated.
Mono: successfully reloaded assembly
- Completed reload, in  1.406 seconds
Platform modules already initialized, skipping
Refreshing native plugins compatible for Editor in 0.55 ms, found 2 plugins.
Preloading 0 native plugins for Editor in 0.00 ms.
Unloading 1805 Unused Serialized files (Serialized files now loaded: 0)
System memory in use before: 88.3 MB.
System memory in use after: 88.3 MB.

Unloading 28 unused Assets to reduce memory usage. Loaded Objects now: 2333.
Total: 2.366300 ms (FindLiveObjects: 0.216400 ms CreateObjectMapping: 0.083600 ms MarkObjects: 1.947000 ms  DeleteObjects: 0.118000 ms)

========================================================================
Received Prepare
Registering precompiled user dll's ...
Registered in 0.023517 seconds.
Begin MonoManager ReloadAssembly
Native extension for WindowsStandalone target not found
Refreshing native plugins compatible for Editor in 0.47 ms, found 2 plugins.
Preloading 0 native plugins for Editor in 0.00 ms.
Invoked RoslynAnalysisRunner static constructor.
RoslynAnalysisRunner will not be running.
RoslynAnalysisRunner has terminated.
Mono: successfully reloaded assembly
- Completed reload, in  1.348 seconds
Platform modules already initialized, skipping
Refreshing native plugins compatible for Editor in 0.47 ms, found 2 plugins.
Preloading 0 native plugins for Editor in 0.00 ms.
Unloading 1805 Unused Serialized files (Serialized files now loaded: 0)
System memory in use before: 88.4 MB.
System memory in use after: 88.4 MB.

Unloading 28 unused Assets to reduce memory usage. Loaded Objects now: 2336.
Total: 2.363900 ms (FindLiveObjects: 0.188200 ms CreateObjectMapping: 0.069600 ms MarkObjects: 1.998100 ms  DeleteObjects: 0.106700 ms)

========================================================================
Received Prepare
Registering precompiled user dll's ...
Registered in 0.023684 seconds.
Begin MonoManager ReloadAssembly
Native extension for WindowsStandalone target not found
Refreshing native plugins compatible for Editor in 0.52 ms, found 2 plugins.
Preloading 0 native plugins for Editor in 0.00 ms.
Invoked RoslynAnalysisRunner static constructor.
RoslynAnalysisRunner will not be running.
RoslynAnalysisRunner has terminated.
Mono: successfully reloaded assembly
- Completed reload, in  1.510 seconds
Platform modules already initialized, skipping
Refreshing native plugins compatible for Editor in 0.56 ms, found 2 plugins.
Preloading 0 native plugins for Editor in 0.00 ms.
Unloading 1805 Unused Serialized files (Serialized files now loaded: 0)
System memory in use before: 88.5 MB.
System memory in use after: 88.5 MB.

Unloading 28 unused Assets to reduce memory usage. Loaded Objects now: 2339.
Total: 2.068500 ms (FindLiveObjects: 0.194400 ms CreateObjectMapping: 0.072900 ms MarkObjects: 1.704500 ms  DeleteObjects: 0.095700 ms)

========================================================================
Received Import Request.
  Time since last request: 336.298934 seconds.
  path: Assets/Prefabs/Bullet2.prefab
  artifactKey: Guid(61c35e32fccbc4240b238a4ce8f11069) Importer(815301076,1909f56bfc062723c751e8b465ee728b)
Start importing Assets/Prefabs/Bullet2.prefab using Guid(61c35e32fccbc4240b238a4ce8f11069) Importer(815301076,1909f56bfc062723c751e8b465ee728b)  -> (artifact id: '05f326f37ba6a8d03764bbca70df2cd6') in 0.103909 seconds
  Import took 0.108250 seconds .

========================================================================
Received Prepare
Registering precompiled user dll's ...
Registered in 0.024076 seconds.
Begin MonoManager ReloadAssembly
Native extension for WindowsStandalone target not found
Refreshing native plugins compatible for Editor in 0.46 ms, found 2 plugins.
Preloading 0 native plugins for Editor in 0.00 ms.
Invoked RoslynAnalysisRunner static constructor.
RoslynAnalysisRunner will not be running.
RoslynAnalysisRunner has terminated.
Mono: successfully reloaded assembly
- Completed reload, in  1.348 seconds
Platform modules already initialized, skipping
Refreshing native plugins compatible for Editor in 0.57 ms, found 2 plugins.
Preloading 0 native plugins for Editor in 0.00 ms.
Unloading 1805 Unused Serialized files (Serialized files now loaded: 0)
System memory in use before: 91.7 MB.
System memory in use after: 91.7 MB.

Unloading 28 unused Assets to reduce memory usage. Loaded Objects now: 2349.
Total: 2.463700 ms (FindLiveObjects: 0.199800 ms CreateObjectMapping: 0.076400 ms MarkObjects: 2.054300 ms  DeleteObjects: 0.131900 ms)

========================================================================
Received Prepare
Registering precompiled user dll's ...
Registered in 0.028896 seconds.
Begin MonoManager ReloadAssembly
Native extension for WindowsStandalone target not found
Refreshing native plugins compatible for Editor in 0.62 ms, found 2 plugins.
Preloading 0 native plugins for Editor in 0.00 ms.
Invoked RoslynAnalysisRunner static constructor.
RoslynAnalysisRunner will not be running.
RoslynAnalysisRunner has terminated.
Mono: successfully reloaded assembly
- Completed reload, in  1.331 seconds
Platform modules already initialized, skipping
Refreshing native plugins compatible for Editor in 0.60 ms, found 2 plugins.
Preloading 0 native plugins for Editor in 0.00 ms.
Unloading 1805 Unused Serialized files (Serialized files now loaded: 0)
System memory in use before: 91.8 MB.
System memory in use after: 91.8 MB.

Unloading 28 unused Assets to reduce memory usage. Loaded Objects now: 2352.
Total: 2.875000 ms (FindLiveObjects: 0.281400 ms CreateObjectMapping: 0.128200 ms MarkObjects: 2.321000 ms  DeleteObjects: 0.143200 ms)

========================================================================
Received Prepare
Registering precompiled user dll's ...
Registered in 0.026248 seconds.
Begin MonoManager ReloadAssembly
Native extension for WindowsStandalone target not found
Refreshing native plugins compatible for Editor in 0.61 ms, found 2 plugins.
Preloading 0 native plugins for Editor in 0.00 ms.
Invoked RoslynAnalysisRunner static constructor.
RoslynAnalysisRunner will not be running.
RoslynAnalysisRunner has terminated.
Mono: successfully reloaded assembly
- Completed reload, in  1.470 seconds
Platform modules already initialized, skipping
Refreshing native plugins compatible for Editor in 0.53 ms, found 2 plugins.
Preloading 0 native plugins for Editor in 0.00 ms.
Unloading 1805 Unused Serialized files (Serialized files now loaded: 0)
System memory in use before: 91.9 MB.
System memory in use after: 91.9 MB.

Unloading 28 unused Assets to reduce memory usage. Loaded Objects now: 2355.
Total: 2.313800 ms (FindLiveObjects: 0.225000 ms CreateObjectMapping: 0.092000 ms MarkObjects: 1.881800 ms  DeleteObjects: 0.113100 ms)

========================================================================
Received Prepare
Registering precompiled user dll's ...
Registered in 0.019469 seconds.
Begin MonoManager ReloadAssembly
Native extension for WindowsStandalone target not found
Refreshing native plugins compatible for Editor in 0.72 ms, found 2 plugins.
Preloading 0 native plugins for Editor in 0.00 ms.
Invoked RoslynAnalysisRunner static constructor.
RoslynAnalysisRunner will not be running.
RoslynAnalysisRunner has terminated.
Mono: successfully reloaded assembly
- Completed reload, in  1.260 seconds
Platform modules already initialized, skipping
Refreshing native plugins compatible for Editor in 0.54 ms, found 2 plugins.
Preloading 0 native plugins for Editor in 0.00 ms.
Unloading 1805 Unused Serialized files (Serialized files now loaded: 0)
System memory in use before: 91.9 MB.
System memory in use after: 91.9 MB.

Unloading 28 unused Assets to reduce memory usage. Loaded Objects now: 2358.
Total: 2.326200 ms (FindLiveObjects: 0.201900 ms CreateObjectMapping: 0.078300 ms MarkObjects: 1.930100 ms  DeleteObjects: 0.114400 ms)

========================================================================
Received Prepare
Registering precompiled user dll's ...
Registered in 0.022285 seconds.
Begin MonoManager ReloadAssembly
Native extension for WindowsStandalone target not found
Refreshing native plugins compatible for Editor in 0.49 ms, found 2 plugins.
Preloading 0 native plugins for Editor in 0.00 ms.
Invoked RoslynAnalysisRunner static constructor.
RoslynAnalysisRunner will not be running.
RoslynAnalysisRunner has terminated.
Mono: successfully reloaded assembly
- Completed reload, in  1.355 seconds
Platform modules already initialized, skipping
Refreshing native plugins compatible for Editor in 0.45 ms, found 2 plugins.
Preloading 0 native plugins for Editor in 0.00 ms.
Unloading 1805 Unused Serialized files (Serialized files now loaded: 0)
System memory in use before: 92.0 MB.
System memory in use after: 92.0 MB.

Unloading 28 unused Assets to reduce memory usage. Loaded Objects now: 2361.
Total: 2.230200 ms (FindLiveObjects: 0.213500 ms CreateObjectMapping: 0.066800 ms MarkObjects: 1.844100 ms  DeleteObjects: 0.104600 ms)

AssetImportWorkerClient::OnTransportError - code=2 error=End of file
