Using pre-set license
Built from '2020.2/release' branch; Version is '2020.2.2f1 (068178b99f32) revision 426360'; Using compiler version '192528614'; Build Type 'Release'
OS: 'Windows 10 Education; OS build 18363.1500; Version 1909; 64bit' Language: 'ko' Physical Memory: 16240 MB
BatchMode: 1, IsHumanControllingUs: 0, StartBugReporterOnCrash: 0, Is64bit: 1, IsPro: 0

 COMMAND LINE ARGUMENTS:
C:\Program Files\Unity\Hub\Editor\2020.2.2f1\Editor\Unity.exe
-adb2
-batchMode
-noUpm
-name
AssetImportWorker0
-projectPath
C:/Users/연지/Desktop/gamejejak
-logFile
Logs/AssetImportWorker0.log
-srvPort
61544
Successfully changed project path to: C:/Users/연지/Desktop/gamejejak
C:/Users/연지/Desktop/gamejejak
Using Asset Import Pipeline V2.
Refreshing native plugins compatible for Editor in 64.29 ms, found 2 plugins.
Preloading 0 native plugins for Editor in 0.00 ms.
Initialize engine version: 2020.2.2f1 (068178b99f32)
[Subsystems] Discovering subsystems at path C:/Program Files/Unity/Hub/Editor/2020.2.2f1/Editor/Data/Resources/UnitySubsystems
[Subsystems] Discovering subsystems at path C:/Users/연지/Desktop/gamejejak/Assets
GfxDevice: creating device client; threaded=0
Direct3D:
    Version:  Direct3D 11.0 [level 11.1]
    Renderer: NVIDIA GeForce GTX 1660 Ti (ID=0x2191)
    Vendor:   
    VRAM:     5991 MB
    Driver:   27.21.14.6156
Initialize mono
Mono path[0] = 'C:/Program Files/Unity/Hub/Editor/2020.2.2f1/Editor/Data/Managed'
Mono path[1] = 'C:/Program Files/Unity/Hub/Editor/2020.2.2f1/Editor/Data/MonoBleedingEdge/lib/mono/unityjit'
Mono config path = 'C:/Program Files/Unity/Hub/Editor/2020.2.2f1/Editor/Data/MonoBleedingEdge/etc'
Using monoOptions --debugger-agent=transport=dt_socket,embedding=1,server=y,suspend=n,address=127.0.0.1:56844
Begin MonoManager ReloadAssembly
Registering precompiled unity dll's ...
Register platform support module: C:/Program Files/Unity/Hub/Editor/2020.2.2f1/Editor/Data/PlaybackEngines/WindowsStandaloneSupport/UnityEditor.WindowsStandalone.Extensions.dll
Registered in 0.004628 seconds.
Native extension for WindowsStandalone target not found
Refreshing native plugins compatible for Editor in 53.18 ms, found 2 plugins.
Preloading 0 native plugins for Editor in 0.00 ms.
Invoked RoslynAnalysisRunner static constructor.
RoslynAnalysisRunner will not be running.
RoslynAnalysisRunner has terminated.
Mono: successfully reloaded assembly
- Completed reload, in  3.232 seconds
Platform modules already initialized, skipping
Registering precompiled user dll's ...
Registered in 0.015709 seconds.
Begin MonoManager ReloadAssembly
Native extension for WindowsStandalone target not found
Refreshing native plugins compatible for Editor in 40.10 ms, found 2 plugins.
Preloading 0 native plugins for Editor in 0.00 ms.
Invoked RoslynAnalysisRunner static constructor.
RoslynAnalysisRunner will not be running.
RoslynAnalysisRunner has terminated.
Mono: successfully reloaded assembly
- Completed reload, in  1.158 seconds
Platform modules already initialized, skipping
========================================================================
Worker process is ready to serve import requests
Launched and connected shader compiler UnityShaderCompiler.exe after 0.08 seconds
Refreshing native plugins compatible for Editor in 0.39 ms, found 2 plugins.
Preloading 0 native plugins for Editor in 0.00 ms.
Unloading 1810 Unused Serialized files (Serialized files now loaded: 0)
System memory in use before: 87.8 MB.
System memory in use after: 87.8 MB.

Unloading 40 unused Assets to reduce memory usage. Loaded Objects now: 2270.
Total: 2.104100 ms (FindLiveObjects: 0.194600 ms CreateObjectMapping: 0.097400 ms MarkObjects: 1.689600 ms  DeleteObjects: 0.121800 ms)

========================================================================
Received Import Request.
  path: Assets/Ani
  artifactKey: Guid(7fbfa94a2e700b34399835a1042b268f) Importer(815301076,1909f56bfc062723c751e8b465ee728b)
Start importing Assets/Ani using Guid(7fbfa94a2e700b34399835a1042b268f) Importer(815301076,1909f56bfc062723c751e8b465ee728b)  -> (artifact id: 'f2c47cc57ea0fff422e26f239e786763') in 0.010539 seconds
  Import took 0.013540 seconds .

========================================================================
Received Import Request.
  Time since last request: 0.000371 seconds.
  path: Assets/Macro/Player.asset
  artifactKey: Guid(43abd4d571970d544a9f071e7b852793) Importer(815301076,1909f56bfc062723c751e8b465ee728b)
Start importing Assets/Macro/Player.asset using Guid(43abd4d571970d544a9f071e7b852793) Importer(815301076,1909f56bfc062723c751e8b465ee728b)  -> (artifact id: '60f5e341edc4a6535d652a11bc8c3736') in 0.554292 seconds
  Import took 0.557655 seconds .

========================================================================
Received Import Request.
  Time since last request: 0.000314 seconds.
  path: Assets/Macro
  artifactKey: Guid(28e891040d5aed84daa5193e8c9abe30) Importer(815301076,1909f56bfc062723c751e8b465ee728b)
Start importing Assets/Macro using Guid(28e891040d5aed84daa5193e8c9abe30) Importer(815301076,1909f56bfc062723c751e8b465ee728b)  -> (artifact id: 'ca36251d0c0abd8ddaa1a82b7ec809a4') in 0.008455 seconds
  Import took 0.012907 seconds .

========================================================================
Received Import Request.
  Time since last request: 4.514761 seconds.
  path: Assets/Ani/Player.controller
  artifactKey: Guid(4352e6b19202ee54e8caec603bea5b73) Importer(815301076,1909f56bfc062723c751e8b465ee728b)
Start importing Assets/Ani/Player.controller using Guid(4352e6b19202ee54e8caec603bea5b73) Importer(815301076,1909f56bfc062723c751e8b465ee728b)  -> (artifact id: 'eead276f23b7f3364a1cf600a3531759') in 0.010348 seconds
  Import took 0.013305 seconds .

========================================================================
Received Import Request.
  Time since last request: 955.126795 seconds.
  path: Assets/Ani/Anim_IDLE_00001.controller
  artifactKey: Guid(04350de24990e5043bce7e695883dfc4) Importer(815301076,1909f56bfc062723c751e8b465ee728b)
Start importing Assets/Ani/Anim_IDLE_00001.controller using Guid(04350de24990e5043bce7e695883dfc4) Importer(815301076,1909f56bfc062723c751e8b465ee728b)  -> (artifact id: '8ae535e20b29bd129095f7843514f77b') in 0.009501 seconds
  Import took 0.023673 seconds .

========================================================================
Received Import Request.
  Time since last request: 4.523030 seconds.
  path: Assets/Ani/Player_idle.anim
  artifactKey: Guid(cea2f539a9217cc459dbaaa380a79576) Importer(815301076,1909f56bfc062723c751e8b465ee728b)
Start importing Assets/Ani/Player_idle.anim using Guid(cea2f539a9217cc459dbaaa380a79576) Importer(815301076,1909f56bfc062723c751e8b465ee728b)  -> (artifact id: 'b6ce3fdd265a9ef40a96d91af88e0af7') in 0.015192 seconds
  Import took 0.019091 seconds .

========================================================================
Received Import Request.
  Time since last request: 0.001446 seconds.
  path: Assets/Ani/Player_idle.anim
  artifactKey: Guid(cea2f539a9217cc459dbaaa380a79576) Importer(815301076,1909f56bfc062723c751e8b465ee728b)
Start importing Assets/Ani/Player_idle.anim using Guid(cea2f539a9217cc459dbaaa380a79576) Importer(815301076,1909f56bfc062723c751e8b465ee728b)  -> (artifact id: 'b6ce3fdd265a9ef40a96d91af88e0af7') in 0.004733 seconds
  Import took 0.008586 seconds .

========================================================================
Received Import Request.
  Time since last request: 303.972248 seconds.
  path: Assets/Ani/Player_walk.anim
  artifactKey: Guid(2754619f029819441b915c9da8ddd5be) Importer(815301076,1909f56bfc062723c751e8b465ee728b)
Start importing Assets/Ani/Player_walk.anim using Guid(2754619f029819441b915c9da8ddd5be) Importer(815301076,1909f56bfc062723c751e8b465ee728b)  -> (artifact id: '1f568734bee12be648d4d4578d86b5ce') in 0.009915 seconds
  Import took 0.025084 seconds .

========================================================================
Received Prepare
Registering precompiled user dll's ...
Registered in 0.018138 seconds.
Begin MonoManager ReloadAssembly
Native extension for WindowsStandalone target not found
Refreshing native plugins compatible for Editor in 0.44 ms, found 2 plugins.
Preloading 0 native plugins for Editor in 0.00 ms.
Invoked RoslynAnalysisRunner static constructor.
RoslynAnalysisRunner will not be running.
RoslynAnalysisRunner has terminated.
Mono: successfully reloaded assembly
- Completed reload, in  1.365 seconds
Platform modules already initialized, skipping
Refreshing native plugins compatible for Editor in 0.47 ms, found 2 plugins.
Preloading 0 native plugins for Editor in 0.00 ms.
Unloading 1805 Unused Serialized files (Serialized files now loaded: 0)
System memory in use before: 87.8 MB.
System memory in use after: 87.8 MB.

Unloading 28 unused Assets to reduce memory usage. Loaded Objects now: 2273.
Total: 2.151900 ms (FindLiveObjects: 0.198800 ms CreateObjectMapping: 0.078900 ms MarkObjects: 1.776900 ms  DeleteObjects: 0.096200 ms)

========================================================================
Received Prepare
Registering precompiled user dll's ...
Registered in 0.016284 seconds.
Begin MonoManager ReloadAssembly
Native extension for WindowsStandalone target not found
Refreshing native plugins compatible for Editor in 0.44 ms, found 2 plugins.
Preloading 0 native plugins for Editor in 0.00 ms.
Invoked RoslynAnalysisRunner static constructor.
RoslynAnalysisRunner will not be running.
RoslynAnalysisRunner has terminated.
Mono: successfully reloaded assembly
- Completed reload, in  1.408 seconds
Platform modules already initialized, skipping
Refreshing native plugins compatible for Editor in 0.46 ms, found 2 plugins.
Preloading 0 native plugins for Editor in 0.00 ms.
Unloading 1805 Unused Serialized files (Serialized files now loaded: 0)
System memory in use before: 87.9 MB.
System memory in use after: 87.9 MB.

Unloading 28 unused Assets to reduce memory usage. Loaded Objects now: 2276.
Total: 1.993000 ms (FindLiveObjects: 0.187600 ms CreateObjectMapping: 0.071500 ms MarkObjects: 1.622700 ms  DeleteObjects: 0.110100 ms)

========================================================================
Received Prepare
Registering precompiled user dll's ...
Registered in 0.013772 seconds.
Begin MonoManager ReloadAssembly
Native extension for WindowsStandalone target not found
Refreshing native plugins compatible for Editor in 0.57 ms, found 2 plugins.
Preloading 0 native plugins for Editor in 0.00 ms.
Invoked RoslynAnalysisRunner static constructor.
RoslynAnalysisRunner will not be running.
RoslynAnalysisRunner has terminated.
Mono: successfully reloaded assembly
- Completed reload, in  1.424 seconds
Platform modules already initialized, skipping
Refreshing native plugins compatible for Editor in 0.67 ms, found 2 plugins.
Preloading 0 native plugins for Editor in 0.00 ms.
Unloading 1805 Unused Serialized files (Serialized files now loaded: 0)
System memory in use before: 88.0 MB.
System memory in use after: 88.0 MB.

Unloading 28 unused Assets to reduce memory usage. Loaded Objects now: 2279.
Total: 2.007300 ms (FindLiveObjects: 0.196900 ms CreateObjectMapping: 0.066200 ms MarkObjects: 1.592800 ms  DeleteObjects: 0.150000 ms)

========================================================================
Received Prepare
Registering precompiled user dll's ...
Registered in 0.015871 seconds.
Begin MonoManager ReloadAssembly
Native extension for WindowsStandalone target not found
Refreshing native plugins compatible for Editor in 0.49 ms, found 2 plugins.
Preloading 0 native plugins for Editor in 0.00 ms.
Invoked RoslynAnalysisRunner static constructor.
RoslynAnalysisRunner will not be running.
RoslynAnalysisRunner has terminated.
Mono: successfully reloaded assembly
- Completed reload, in  1.412 seconds
Platform modules already initialized, skipping
Refreshing native plugins compatible for Editor in 0.44 ms, found 2 plugins.
Preloading 0 native plugins for Editor in 0.00 ms.
Unloading 1805 Unused Serialized files (Serialized files now loaded: 0)
System memory in use before: 88.1 MB.
System memory in use after: 88.1 MB.

Unloading 28 unused Assets to reduce memory usage. Loaded Objects now: 2282.
Total: 2.186600 ms (FindLiveObjects: 0.199700 ms CreateObjectMapping: 0.107300 ms MarkObjects: 1.771600 ms  DeleteObjects: 0.106800 ms)

========================================================================
Received Prepare
Registering precompiled user dll's ...
Registered in 0.013760 seconds.
Begin MonoManager ReloadAssembly
Native extension for WindowsStandalone target not found
Refreshing native plugins compatible for Editor in 0.57 ms, found 2 plugins.
Preloading 0 native plugins for Editor in 0.00 ms.
Invoked RoslynAnalysisRunner static constructor.
RoslynAnalysisRunner will not be running.
RoslynAnalysisRunner has terminated.
Mono: successfully reloaded assembly
- Completed reload, in  1.253 seconds
Platform modules already initialized, skipping
Refreshing native plugins compatible for Editor in 0.51 ms, found 2 plugins.
Preloading 0 native plugins for Editor in 0.00 ms.
Unloading 1805 Unused Serialized files (Serialized files now loaded: 0)
System memory in use before: 88.2 MB.
System memory in use after: 88.2 MB.

Unloading 28 unused Assets to reduce memory usage. Loaded Objects now: 2285.
Total: 2.964300 ms (FindLiveObjects: 0.276600 ms CreateObjectMapping: 0.073300 ms MarkObjects: 2.495100 ms  DeleteObjects: 0.117500 ms)

========================================================================
Received Import Request.
  Time since last request: 1451.491991 seconds.
  path: Assets/Script/Player.cs
  artifactKey: Guid(d74a6130c9f6d83488127927165975dc) Importer(815301076,1909f56bfc062723c751e8b465ee728b)
Start importing Assets/Script/Player.cs using Guid(d74a6130c9f6d83488127927165975dc) Importer(815301076,1909f56bfc062723c751e8b465ee728b)  -> (artifact id: 'b1b6ff32e1b4052ca508f5cd5a5d6f0a') in 0.020695 seconds
  Import took 0.025335 seconds .

========================================================================
Received Prepare
Registering precompiled user dll's ...
Registered in 0.015280 seconds.
Begin MonoManager ReloadAssembly
Native extension for WindowsStandalone target not found
Refreshing native plugins compatible for Editor in 0.90 ms, found 2 plugins.
Preloading 0 native plugins for Editor in 0.00 ms.
Invoked RoslynAnalysisRunner static constructor.
RoslynAnalysisRunner will not be running.
RoslynAnalysisRunner has terminated.
Mono: successfully reloaded assembly
- Completed reload, in  1.346 seconds
Platform modules already initialized, skipping
Refreshing native plugins compatible for Editor in 0.48 ms, found 2 plugins.
Preloading 0 native plugins for Editor in 0.00 ms.
Unloading 1805 Unused Serialized files (Serialized files now loaded: 0)
System memory in use before: 88.2 MB.
System memory in use after: 88.2 MB.

Unloading 28 unused Assets to reduce memory usage. Loaded Objects now: 2288.
Total: 2.934400 ms (FindLiveObjects: 0.299900 ms CreateObjectMapping: 0.110500 ms MarkObjects: 2.312500 ms  DeleteObjects: 0.209600 ms)

========================================================================
Received Prepare
Registering precompiled user dll's ...
Registered in 0.013025 seconds.
Begin MonoManager ReloadAssembly
Native extension for WindowsStandalone target not found
Refreshing native plugins compatible for Editor in 0.55 ms, found 2 plugins.
Preloading 0 native plugins for Editor in 0.00 ms.
Invoked RoslynAnalysisRunner static constructor.
RoslynAnalysisRunner will not be running.
RoslynAnalysisRunner has terminated.
Mono: successfully reloaded assembly
- Completed reload, in  1.257 seconds
Platform modules already initialized, skipping
Refreshing native plugins compatible for Editor in 0.42 ms, found 2 plugins.
Preloading 0 native plugins for Editor in 0.00 ms.
Unloading 1805 Unused Serialized files (Serialized files now loaded: 0)
System memory in use before: 88.3 MB.
System memory in use after: 88.3 MB.

Unloading 28 unused Assets to reduce memory usage. Loaded Objects now: 2291.
Total: 2.248700 ms (FindLiveObjects: 0.236200 ms CreateObjectMapping: 0.075100 ms MarkObjects: 1.833000 ms  DeleteObjects: 0.103600 ms)

========================================================================
Received Prepare
Registering precompiled user dll's ...
Registered in 0.015612 seconds.
Begin MonoManager ReloadAssembly
Native extension for WindowsStandalone target not found
Refreshing native plugins compatible for Editor in 0.53 ms, found 2 plugins.
Preloading 0 native plugins for Editor in 0.00 ms.
Invoked RoslynAnalysisRunner static constructor.
RoslynAnalysisRunner will not be running.
RoslynAnalysisRunner has terminated.
Mono: successfully reloaded assembly
- Completed reload, in  1.554 seconds
Platform modules already initialized, skipping
Refreshing native plugins compatible for Editor in 0.51 ms, found 2 plugins.
Preloading 0 native plugins for Editor in 0.00 ms.
Unloading 1805 Unused Serialized files (Serialized files now loaded: 0)
System memory in use before: 88.4 MB.
System memory in use after: 88.4 MB.

Unloading 28 unused Assets to reduce memory usage. Loaded Objects now: 2294.
Total: 2.643900 ms (FindLiveObjects: 0.203100 ms CreateObjectMapping: 0.081000 ms MarkObjects: 2.224000 ms  DeleteObjects: 0.134400 ms)

========================================================================
Received Prepare
Registering precompiled user dll's ...
Registered in 0.013235 seconds.
Begin MonoManager ReloadAssembly
Native extension for WindowsStandalone target not found
Refreshing native plugins compatible for Editor in 0.42 ms, found 2 plugins.
Preloading 0 native plugins for Editor in 0.00 ms.
Invoked RoslynAnalysisRunner static constructor.
RoslynAnalysisRunner will not be running.
RoslynAnalysisRunner has terminated.
Mono: successfully reloaded assembly
- Completed reload, in  1.164 seconds
Platform modules already initialized, skipping
Refreshing native plugins compatible for Editor in 0.72 ms, found 2 plugins.
Preloading 0 native plugins for Editor in 0.00 ms.
Unloading 1805 Unused Serialized files (Serialized files now loaded: 0)
System memory in use before: 88.5 MB.
System memory in use after: 88.5 MB.

Unloading 28 unused Assets to reduce memory usage. Loaded Objects now: 2297.
Total: 2.356500 ms (FindLiveObjects: 0.271400 ms CreateObjectMapping: 0.081700 ms MarkObjects: 1.892800 ms  DeleteObjects: 0.109300 ms)

========================================================================
Received Prepare
Registering precompiled user dll's ...
Registered in 0.014063 seconds.
Begin MonoManager ReloadAssembly
Native extension for WindowsStandalone target not found
Refreshing native plugins compatible for Editor in 0.83 ms, found 2 plugins.
Preloading 0 native plugins for Editor in 0.00 ms.
Invoked RoslynAnalysisRunner static constructor.
RoslynAnalysisRunner will not be running.
RoslynAnalysisRunner has terminated.
Mono: successfully reloaded assembly
- Completed reload, in  1.427 seconds
Platform modules already initialized, skipping
Refreshing native plugins compatible for Editor in 0.50 ms, found 2 plugins.
Preloading 0 native plugins for Editor in 0.00 ms.
Unloading 1805 Unused Serialized files (Serialized files now loaded: 0)
System memory in use before: 88.5 MB.
System memory in use after: 88.5 MB.

Unloading 28 unused Assets to reduce memory usage. Loaded Objects now: 2300.
Total: 2.038500 ms (FindLiveObjects: 0.207600 ms CreateObjectMapping: 0.070300 ms MarkObjects: 1.656900 ms  DeleteObjects: 0.102600 ms)

========================================================================
Received Prepare
Registering precompiled user dll's ...
Registered in 0.015215 seconds.
Begin MonoManager ReloadAssembly
Native extension for WindowsStandalone target not found
Refreshing native plugins compatible for Editor in 0.74 ms, found 2 plugins.
Preloading 0 native plugins for Editor in 0.00 ms.
Invoked RoslynAnalysisRunner static constructor.
RoslynAnalysisRunner will not be running.
RoslynAnalysisRunner has terminated.
Mono: successfully reloaded assembly
- Completed reload, in  1.211 seconds
Platform modules already initialized, skipping
Refreshing native plugins compatible for Editor in 0.44 ms, found 2 plugins.
Preloading 0 native plugins for Editor in 0.00 ms.
Unloading 1805 Unused Serialized files (Serialized files now loaded: 0)
System memory in use before: 88.6 MB.
System memory in use after: 88.6 MB.

Unloading 28 unused Assets to reduce memory usage. Loaded Objects now: 2303.
Total: 2.248100 ms (FindLiveObjects: 0.189600 ms CreateObjectMapping: 0.062200 ms MarkObjects: 1.883200 ms  DeleteObjects: 0.112000 ms)

========================================================================
Received Prepare
Registering precompiled user dll's ...
Registered in 0.014014 seconds.
Begin MonoManager ReloadAssembly
Native extension for WindowsStandalone target not found
Refreshing native plugins compatible for Editor in 0.58 ms, found 2 plugins.
Preloading 0 native plugins for Editor in 0.00 ms.
Invoked RoslynAnalysisRunner static constructor.
RoslynAnalysisRunner will not be running.
RoslynAnalysisRunner has terminated.
Mono: successfully reloaded assembly
- Completed reload, in  1.448 seconds
Platform modules already initialized, skipping
Refreshing native plugins compatible for Editor in 0.47 ms, found 2 plugins.
Preloading 0 native plugins for Editor in 0.00 ms.
Unloading 1805 Unused Serialized files (Serialized files now loaded: 0)
System memory in use before: 88.7 MB.
System memory in use after: 88.7 MB.

Unloading 28 unused Assets to reduce memory usage. Loaded Objects now: 2306.
Total: 2.533900 ms (FindLiveObjects: 0.303400 ms CreateObjectMapping: 0.135900 ms MarkObjects: 1.982300 ms  DeleteObjects: 0.110800 ms)

========================================================================
Received Prepare
Registering precompiled user dll's ...
Registered in 0.011923 seconds.
Begin MonoManager ReloadAssembly
Native extension for WindowsStandalone target not found
Refreshing native plugins compatible for Editor in 0.49 ms, found 2 plugins.
Preloading 0 native plugins for Editor in 0.00 ms.
Invoked RoslynAnalysisRunner static constructor.
RoslynAnalysisRunner will not be running.
RoslynAnalysisRunner has terminated.
Mono: successfully reloaded assembly
- Completed reload, in  1.156 seconds
Platform modules already initialized, skipping
Refreshing native plugins compatible for Editor in 0.75 ms, found 2 plugins.
Preloading 0 native plugins for Editor in 0.00 ms.
Unloading 1805 Unused Serialized files (Serialized files now loaded: 0)
System memory in use before: 88.7 MB.
System memory in use after: 88.7 MB.

Unloading 28 unused Assets to reduce memory usage. Loaded Objects now: 2309.
Total: 2.224400 ms (FindLiveObjects: 0.282400 ms CreateObjectMapping: 0.135000 ms MarkObjects: 1.705800 ms  DeleteObjects: 0.100100 ms)

========================================================================
Received Prepare
Registering precompiled user dll's ...
Registered in 0.016702 seconds.
Begin MonoManager ReloadAssembly
Native extension for WindowsStandalone target not found
Refreshing native plugins compatible for Editor in 0.87 ms, found 2 plugins.
Preloading 0 native plugins for Editor in 0.00 ms.
Invoked RoslynAnalysisRunner static constructor.
RoslynAnalysisRunner will not be running.
RoslynAnalysisRunner has terminated.
Mono: successfully reloaded assembly
- Completed reload, in  1.390 seconds
Platform modules already initialized, skipping
Refreshing native plugins compatible for Editor in 0.50 ms, found 2 plugins.
Preloading 0 native plugins for Editor in 0.00 ms.
Unloading 1805 Unused Serialized files (Serialized files now loaded: 0)
System memory in use before: 88.8 MB.
System memory in use after: 88.8 MB.

Unloading 28 unused Assets to reduce memory usage. Loaded Objects now: 2312.
Total: 2.641800 ms (FindLiveObjects: 0.293500 ms CreateObjectMapping: 0.137800 ms MarkObjects: 2.089300 ms  DeleteObjects: 0.119700 ms)

AssetImportWorkerClient::OnTransportError - code=2 error=End of file
