Using pre-set license
Built from '2020.2/release' branch; Version is '2020.2.2f1 (068178b99f32) revision 426360'; Using compiler version '192528614'; Build Type 'Release'
OS: 'Windows 10 Education; OS build 18363.1556; Version 1909; 64bit' Language: 'ko' Physical Memory: 16240 MB
BatchMode: 1, IsHumanControllingUs: 0, StartBugReporterOnCrash: 0, Is64bit: 1, IsPro: 0

 COMMAND LINE ARGUMENTS:
C:\Program Files\Unity\Hub\Editor\2020.2.2f1\Editor\Unity.exe
-adb2
-batchMode
-noUpm
-name
AssetImportWorker0
-projectPath
C:/Users/연지/Desktop/gamejejak
-logFile
Logs/AssetImportWorker0.log
-srvPort
61262
Successfully changed project path to: C:/Users/연지/Desktop/gamejejak
C:/Users/연지/Desktop/gamejejak
Using Asset Import Pipeline V2.
Refreshing native plugins compatible for Editor in 57.17 ms, found 2 plugins.
Preloading 0 native plugins for Editor in 0.00 ms.
Initialize engine version: 2020.2.2f1 (068178b99f32)
[Subsystems] Discovering subsystems at path C:/Program Files/Unity/Hub/Editor/2020.2.2f1/Editor/Data/Resources/UnitySubsystems
[Subsystems] Discovering subsystems at path C:/Users/연지/Desktop/gamejejak/Assets
GfxDevice: creating device client; threaded=0
Direct3D:
    Version:  Direct3D 11.0 [level 11.1]
    Renderer: NVIDIA GeForce GTX 1660 Ti (ID=0x2191)
    Vendor:   
    VRAM:     5991 MB
    Driver:   27.21.14.6156
Initialize mono
Mono path[0] = 'C:/Program Files/Unity/Hub/Editor/2020.2.2f1/Editor/Data/Managed'
Mono path[1] = 'C:/Program Files/Unity/Hub/Editor/2020.2.2f1/Editor/Data/MonoBleedingEdge/lib/mono/unityjit'
Mono config path = 'C:/Program Files/Unity/Hub/Editor/2020.2.2f1/Editor/Data/MonoBleedingEdge/etc'
Using monoOptions --debugger-agent=transport=dt_socket,embedding=1,server=y,suspend=n,address=127.0.0.1:56648
Begin MonoManager ReloadAssembly
Registering precompiled unity dll's ...
Register platform support module: C:/Program Files/Unity/Hub/Editor/2020.2.2f1/Editor/Data/PlaybackEngines/WindowsStandaloneSupport/UnityEditor.WindowsStandalone.Extensions.dll
Registered in 0.004786 seconds.
Native extension for WindowsStandalone target not found
Refreshing native plugins compatible for Editor in 47.73 ms, found 2 plugins.
Preloading 0 native plugins for Editor in 0.00 ms.
Invoked RoslynAnalysisRunner static constructor.
RoslynAnalysisRunner will not be running.
RoslynAnalysisRunner has terminated.
Mono: successfully reloaded assembly
- Completed reload, in  3.000 seconds
Platform modules already initialized, skipping
Registering precompiled user dll's ...
Registered in 0.014303 seconds.
Begin MonoManager ReloadAssembly
Native extension for WindowsStandalone target not found
Refreshing native plugins compatible for Editor in 48.30 ms, found 2 plugins.
Preloading 0 native plugins for Editor in 0.00 ms.
Invoked RoslynAnalysisRunner static constructor.
RoslynAnalysisRunner will not be running.
RoslynAnalysisRunner has terminated.
Mono: successfully reloaded assembly
- Completed reload, in  1.405 seconds
Platform modules already initialized, skipping
========================================================================
Worker process is ready to serve import requests
Launched and connected shader compiler UnityShaderCompiler.exe after 0.08 seconds
Refreshing native plugins compatible for Editor in 0.85 ms, found 2 plugins.
Preloading 0 native plugins for Editor in 0.00 ms.
Unloading 1810 Unused Serialized files (Serialized files now loaded: 0)
System memory in use before: 87.8 MB.
System memory in use after: 87.8 MB.

Unloading 40 unused Assets to reduce memory usage. Loaded Objects now: 2270.
Total: 2.148200 ms (FindLiveObjects: 0.175400 ms CreateObjectMapping: 0.069400 ms MarkObjects: 1.773400 ms  DeleteObjects: 0.129100 ms)

========================================================================
Received Import Request.
  path: Assets/Art/Player_Jump/Anim_JUMP_04.png
  artifactKey: Guid(40a2d201dbf0fc54fb2e09e919dd86c2) Importer(815301076,1909f56bfc062723c751e8b465ee728b)
Start importing Assets/Art/Player_Jump/Anim_JUMP_04.png using Guid(40a2d201dbf0fc54fb2e09e919dd86c2) Importer(815301076,1909f56bfc062723c751e8b465ee728b)  -> (artifact id: '9e971912e6cc854613f9b36544e58d78') in 0.160200 seconds
  Import took 0.163544 seconds .

========================================================================
Received Import Request.
  Time since last request: 0.000253 seconds.
  path: Assets/Art/Player_Jump/Anim_JUMP_02.png
  artifactKey: Guid(6f4adad9ffd8da44ba10fbcb6b96d77d) Importer(815301076,1909f56bfc062723c751e8b465ee728b)
Start importing Assets/Art/Player_Jump/Anim_JUMP_02.png using Guid(6f4adad9ffd8da44ba10fbcb6b96d77d) Importer(815301076,1909f56bfc062723c751e8b465ee728b)  -> (artifact id: 'f192194f604cf8b184e4458375c6105d') in 0.017101 seconds
  Import took 0.020553 seconds .

========================================================================
Received Import Request.
  Time since last request: 0.000384 seconds.
  path: Assets/Art/Player_Jump/Anim_JUMP_05.png
  artifactKey: Guid(5efae2bb30fb3094fb7b66db4a089714) Importer(815301076,1909f56bfc062723c751e8b465ee728b)
Start importing Assets/Art/Player_Jump/Anim_JUMP_05.png using Guid(5efae2bb30fb3094fb7b66db4a089714) Importer(815301076,1909f56bfc062723c751e8b465ee728b)  -> (artifact id: '4d7fb3fa627b5a26d98caf4b8022c4ef') in 0.015925 seconds
  Import took 0.019679 seconds .

========================================================================
Received Import Request.
  Time since last request: 0.000293 seconds.
  path: Assets/Art/Player_Jump/Anim_JUMP_19.png
  artifactKey: Guid(e06661f55b32b7f4e90c56f3682eef5c) Importer(815301076,1909f56bfc062723c751e8b465ee728b)
Start importing Assets/Art/Player_Jump/Anim_JUMP_19.png using Guid(e06661f55b32b7f4e90c56f3682eef5c) Importer(815301076,1909f56bfc062723c751e8b465ee728b)  -> (artifact id: '222fadd8a53781d188e1742fbc03a2c4') in 0.021198 seconds
  Import took 0.024493 seconds .

========================================================================
Received Import Request.
  Time since last request: 0.000315 seconds.
  path: Assets/Art/Player_Jump/Anim_JUMP_10.png
  artifactKey: Guid(6debc555ea9d9b343a62b9f074d9606a) Importer(815301076,1909f56bfc062723c751e8b465ee728b)
Start importing Assets/Art/Player_Jump/Anim_JUMP_10.png using Guid(6debc555ea9d9b343a62b9f074d9606a) Importer(815301076,1909f56bfc062723c751e8b465ee728b)  -> (artifact id: '944971f2c924fb44b8ae1e5dde10a914') in 0.017553 seconds
  Import took 0.021321 seconds .

========================================================================
Received Import Request.
  Time since last request: 0.000297 seconds.
  path: Assets/Art/Player_Jump/Anim_JUMP_06.png
  artifactKey: Guid(031e76482f3ebf4448b900b79c06e568) Importer(815301076,1909f56bfc062723c751e8b465ee728b)
Start importing Assets/Art/Player_Jump/Anim_JUMP_06.png using Guid(031e76482f3ebf4448b900b79c06e568) Importer(815301076,1909f56bfc062723c751e8b465ee728b)  -> (artifact id: '67323d923248c906e4f9b360115c3041') in 0.015163 seconds
  Import took 0.018800 seconds .

========================================================================
Received Import Request.
  Time since last request: 0.000365 seconds.
  path: Assets/Art/Player_Jump/Anim_JUMP_09.png
  artifactKey: Guid(2c6df3e1f29556247931f4fd777bee1a) Importer(815301076,1909f56bfc062723c751e8b465ee728b)
Start importing Assets/Art/Player_Jump/Anim_JUMP_09.png using Guid(2c6df3e1f29556247931f4fd777bee1a) Importer(815301076,1909f56bfc062723c751e8b465ee728b)  -> (artifact id: 'a6b07dbe3ccd4c7042595587231c582c') in 0.015629 seconds
  Import took 0.018847 seconds .

========================================================================
Received Import Request.
  Time since last request: 0.000278 seconds.
  path: Assets/Art/Player_Jump/Anim_JUMP_13.png
  artifactKey: Guid(24dce9a3f8b18344483df29e5d27af8c) Importer(815301076,1909f56bfc062723c751e8b465ee728b)
Start importing Assets/Art/Player_Jump/Anim_JUMP_13.png using Guid(24dce9a3f8b18344483df29e5d27af8c) Importer(815301076,1909f56bfc062723c751e8b465ee728b)  -> (artifact id: 'df77f80f4818e228e1da9e331c5c2c69') in 0.023664 seconds
  Import took 0.027499 seconds .

========================================================================
Received Import Request.
  Time since last request: 0.000302 seconds.
  path: Assets/Art/Player_Jump/Anim_JUMP_15.png
  artifactKey: Guid(25b5282afc2a5e442b84f01cb3841d2f) Importer(815301076,1909f56bfc062723c751e8b465ee728b)
Start importing Assets/Art/Player_Jump/Anim_JUMP_15.png using Guid(25b5282afc2a5e442b84f01cb3841d2f) Importer(815301076,1909f56bfc062723c751e8b465ee728b)  -> (artifact id: 'd38a63ccc2fc5e8006fddcb30c24a7bb') in 0.017896 seconds
  Import took 0.021032 seconds .

========================================================================
Received Import Request.
  Time since last request: 0.000271 seconds.
  path: Assets/Art/Player_Jump/Anim_JUMP_14.png
  artifactKey: Guid(65529d17f089c7c49a617b8e842b9dbc) Importer(815301076,1909f56bfc062723c751e8b465ee728b)
Start importing Assets/Art/Player_Jump/Anim_JUMP_14.png using Guid(65529d17f089c7c49a617b8e842b9dbc) Importer(815301076,1909f56bfc062723c751e8b465ee728b)  -> (artifact id: 'a34871b2842e2f46ea6d725e6411d1cf') in 0.018049 seconds
  Import took 0.021129 seconds .

========================================================================
Received Import Request.
  Time since last request: 0.000260 seconds.
  path: Assets/Art/Player_Jump/Anim_JUMP_01.png
  artifactKey: Guid(fa2b2cd51fe95264a9b6bf44fc59d48a) Importer(815301076,1909f56bfc062723c751e8b465ee728b)
Start importing Assets/Art/Player_Jump/Anim_JUMP_01.png using Guid(fa2b2cd51fe95264a9b6bf44fc59d48a) Importer(815301076,1909f56bfc062723c751e8b465ee728b)  -> (artifact id: '20d6079c7c806e6ba21f9e9ce8610245') in 0.019063 seconds
  Import took 0.022218 seconds .

========================================================================
Received Import Request.
  Time since last request: 0.000353 seconds.
  path: Assets/Art/Player_Jump/Anim_JUMP_18.png
  artifactKey: Guid(9e5a8ae5d6d067747830a229e0ada8fa) Importer(815301076,1909f56bfc062723c751e8b465ee728b)
Start importing Assets/Art/Player_Jump/Anim_JUMP_18.png using Guid(9e5a8ae5d6d067747830a229e0ada8fa) Importer(815301076,1909f56bfc062723c751e8b465ee728b)  -> (artifact id: 'c5f8cceb2a7ccbdd6e1e33e585ba8b32') in 0.016434 seconds
  Import took 0.020162 seconds .

========================================================================
Received Import Request.
  Time since last request: 0.000329 seconds.
  path: Assets/Art/Player_Jump/Anim_JUMP_03.png
  artifactKey: Guid(49604fafdde04fd4cbfb16428df59d64) Importer(815301076,1909f56bfc062723c751e8b465ee728b)
Start importing Assets/Art/Player_Jump/Anim_JUMP_03.png using Guid(49604fafdde04fd4cbfb16428df59d64) Importer(815301076,1909f56bfc062723c751e8b465ee728b)  -> (artifact id: '52025ce11a44324524d74c600d81e4cf') in 0.019775 seconds
  Import took 0.024511 seconds .

========================================================================
Received Import Request.
  Time since last request: 0.000332 seconds.
  path: Assets/Art/Player_Jump/Anim_JUMP_11.png
  artifactKey: Guid(50fd3621921fbcb45803cd6f79e3d9b3) Importer(815301076,1909f56bfc062723c751e8b465ee728b)
Start importing Assets/Art/Player_Jump/Anim_JUMP_11.png using Guid(50fd3621921fbcb45803cd6f79e3d9b3) Importer(815301076,1909f56bfc062723c751e8b465ee728b)  -> (artifact id: 'b597b656276f5ed658278da93806ae09') in 0.017608 seconds
  Import took 0.020996 seconds .

========================================================================
Received Import Request.
  Time since last request: 0.000328 seconds.
  path: Assets/Art/Player_Jump/Anim_JUMP_17.png
  artifactKey: Guid(a78100900d47ec64aad479603c4aef24) Importer(815301076,1909f56bfc062723c751e8b465ee728b)
Start importing Assets/Art/Player_Jump/Anim_JUMP_17.png using Guid(a78100900d47ec64aad479603c4aef24) Importer(815301076,1909f56bfc062723c751e8b465ee728b)  -> (artifact id: '2831e2b6e5da53c432321a75a594b818') in 0.016963 seconds
  Import took 0.020714 seconds .

========================================================================
Received Import Request.
  Time since last request: 0.000270 seconds.
  path: Assets/Art/Player_Jump
  artifactKey: Guid(7916a63766eb94e4dbaff67ab5a7351a) Importer(815301076,1909f56bfc062723c751e8b465ee728b)
Start importing Assets/Art/Player_Jump using Guid(7916a63766eb94e4dbaff67ab5a7351a) Importer(815301076,1909f56bfc062723c751e8b465ee728b)  -> (artifact id: 'ff3476da17296327228330a72a95476c') in 0.006975 seconds
  Import took 0.010166 seconds .

========================================================================
Received Import Request.
  Time since last request: 0.000255 seconds.
  path: Assets/Art/Player_Jump/Anim_JUMP_12.png
  artifactKey: Guid(c67ee5e668805fb4aa55e7b2e882182c) Importer(815301076,1909f56bfc062723c751e8b465ee728b)
Start importing Assets/Art/Player_Jump/Anim_JUMP_12.png using Guid(c67ee5e668805fb4aa55e7b2e882182c) Importer(815301076,1909f56bfc062723c751e8b465ee728b)  -> (artifact id: '24df49013fdb25932bce949964b5b1cf') in 0.018523 seconds
  Import took 0.022111 seconds .

========================================================================
Received Import Request.
  Time since last request: 0.000307 seconds.
  path: Assets/Art/Player_Jump/Anim_JUMP_07.png
  artifactKey: Guid(fef8c2e825ad20b44883eb12dc08ffdc) Importer(815301076,1909f56bfc062723c751e8b465ee728b)
Start importing Assets/Art/Player_Jump/Anim_JUMP_07.png using Guid(fef8c2e825ad20b44883eb12dc08ffdc) Importer(815301076,1909f56bfc062723c751e8b465ee728b)  -> (artifact id: '4f57dd9cb80458e1555bb2204e0c498c') in 0.014621 seconds
  Import took 0.017716 seconds .

========================================================================
Received Import Request.
  Time since last request: 0.000334 seconds.
  path: Assets/Art/Player_Jump/Anim_JUMP_16.png
  artifactKey: Guid(fd9ef84ab2241344aaccf176b06d39ad) Importer(815301076,1909f56bfc062723c751e8b465ee728b)
Start importing Assets/Art/Player_Jump/Anim_JUMP_16.png using Guid(fd9ef84ab2241344aaccf176b06d39ad) Importer(815301076,1909f56bfc062723c751e8b465ee728b)  -> (artifact id: '69c69f9d58fbc843ae1109c590814710') in 0.018199 seconds
  Import took 0.021314 seconds .

========================================================================
Received Import Request.
  Time since last request: 0.000279 seconds.
  path: Assets/Art/Player_Jump/Anim_JUMP_08.png
  artifactKey: Guid(09ac85f716bd6a74686f110634a76d94) Importer(815301076,1909f56bfc062723c751e8b465ee728b)
Start importing Assets/Art/Player_Jump/Anim_JUMP_08.png using Guid(09ac85f716bd6a74686f110634a76d94) Importer(815301076,1909f56bfc062723c751e8b465ee728b)  -> (artifact id: 'f0f9e312419bbe76d490c76017cf3ed6') in 0.019250 seconds
  Import took 0.022658 seconds .

========================================================================
Received Import Request.
  Time since last request: 0.000286 seconds.
  path: Assets/Art/Bullet.png
  artifactKey: Guid(5cd468e5d295ca64b99298d1a701c23b) Importer(815301076,1909f56bfc062723c751e8b465ee728b)
Start importing Assets/Art/Bullet.png using Guid(5cd468e5d295ca64b99298d1a701c23b) Importer(815301076,1909f56bfc062723c751e8b465ee728b)  -> (artifact id: '2c9c49d2fa3472dbd6d0943d73630a87') in 0.020387 seconds
  Import took 0.023971 seconds .

========================================================================
Received Import Request.
  Time since last request: 66.426477 seconds.
  path: Assets/Ani/Player.controller
  artifactKey: Guid(4352e6b19202ee54e8caec603bea5b73) Importer(815301076,1909f56bfc062723c751e8b465ee728b)
Start importing Assets/Ani/Player.controller using Guid(4352e6b19202ee54e8caec603bea5b73) Importer(815301076,1909f56bfc062723c751e8b465ee728b)  -> (artifact id: '62038ad8f10341b29985ab546f59d3bc') in 0.024785 seconds
  Import took 0.028376 seconds .

========================================================================
Received Import Request.
  Time since last request: 76.205034 seconds.
  path: Assets/Ani/Player_jump.anim
  artifactKey: Guid(3e50753a18347994da956f08803a5120) Importer(815301076,1909f56bfc062723c751e8b465ee728b)
Start importing Assets/Ani/Player_jump.anim using Guid(3e50753a18347994da956f08803a5120) Importer(815301076,1909f56bfc062723c751e8b465ee728b)  -> (artifact id: 'c75d92ad508befcb92eb750592cd40c1') in 0.011300 seconds
  Import took 0.014744 seconds .

========================================================================
Received Import Request.
  Time since last request: 0.002027 seconds.
  path: Assets/Ani/Player_jump.anim
  artifactKey: Guid(3e50753a18347994da956f08803a5120) Importer(815301076,1909f56bfc062723c751e8b465ee728b)
Start importing Assets/Ani/Player_jump.anim using Guid(3e50753a18347994da956f08803a5120) Importer(815301076,1909f56bfc062723c751e8b465ee728b)  -> (artifact id: 'c75d92ad508befcb92eb750592cd40c1') in 0.003226 seconds
  Import took 0.006382 seconds .

========================================================================
Received Import Request.
  Time since last request: 256.287069 seconds.
  path: Assets/Ani/Player_idle.anim
  artifactKey: Guid(cea2f539a9217cc459dbaaa380a79576) Importer(815301076,1909f56bfc062723c751e8b465ee728b)
Start importing Assets/Ani/Player_idle.anim using Guid(cea2f539a9217cc459dbaaa380a79576) Importer(815301076,1909f56bfc062723c751e8b465ee728b)  -> (artifact id: 'e2b1ecc66522129f625c327429f317f5') in 0.050178 seconds
  Import took 0.053687 seconds .

========================================================================
Received Import Request.
  Time since last request: 0.422920 seconds.
  path: Assets/Ani/Player_jump.anim
  artifactKey: Guid(3e50753a18347994da956f08803a5120) Importer(815301076,1909f56bfc062723c751e8b465ee728b)
Start importing Assets/Ani/Player_jump.anim using Guid(3e50753a18347994da956f08803a5120) Importer(815301076,1909f56bfc062723c751e8b465ee728b)  -> (artifact id: '546517afc2b0b70d695299e63f179b7a') in 0.004222 seconds
  Import took 0.008405 seconds .

========================================================================
Received Prepare
Registering precompiled user dll's ...
Registered in 0.013366 seconds.
Begin MonoManager ReloadAssembly
Native extension for WindowsStandalone target not found
Refreshing native plugins compatible for Editor in 0.51 ms, found 2 plugins.
Preloading 0 native plugins for Editor in 0.00 ms.
Invoked RoslynAnalysisRunner static constructor.
RoslynAnalysisRunner will not be running.
RoslynAnalysisRunner has terminated.
Mono: successfully reloaded assembly
- Completed reload, in  1.346 seconds
Platform modules already initialized, skipping
Refreshing native plugins compatible for Editor in 0.47 ms, found 2 plugins.
Preloading 0 native plugins for Editor in 0.00 ms.
Unloading 1805 Unused Serialized files (Serialized files now loaded: 0)
System memory in use before: 90.9 MB.
System memory in use after: 90.9 MB.

Unloading 28 unused Assets to reduce memory usage. Loaded Objects now: 2281.
Total: 2.185800 ms (FindLiveObjects: 0.280200 ms CreateObjectMapping: 0.084400 ms MarkObjects: 1.698100 ms  DeleteObjects: 0.121800 ms)

========================================================================
Received Prepare
Registering precompiled user dll's ...
Registered in 0.013929 seconds.
Begin MonoManager ReloadAssembly
Native extension for WindowsStandalone target not found
Refreshing native plugins compatible for Editor in 0.48 ms, found 2 plugins.
Preloading 0 native plugins for Editor in 0.00 ms.
Invoked RoslynAnalysisRunner static constructor.
RoslynAnalysisRunner will not be running.
RoslynAnalysisRunner has terminated.
Mono: successfully reloaded assembly
- Completed reload, in  1.468 seconds
Platform modules already initialized, skipping
Refreshing native plugins compatible for Editor in 0.49 ms, found 2 plugins.
Preloading 0 native plugins for Editor in 0.00 ms.
Unloading 1805 Unused Serialized files (Serialized files now loaded: 0)
System memory in use before: 91.0 MB.
System memory in use after: 91.0 MB.

Unloading 28 unused Assets to reduce memory usage. Loaded Objects now: 2284.
Total: 2.502600 ms (FindLiveObjects: 0.248400 ms CreateObjectMapping: 0.093900 ms MarkObjects: 2.033200 ms  DeleteObjects: 0.125600 ms)

========================================================================
Received Import Request.
  Time since last request: 605.699038 seconds.
  path: ProjectSettings/TagManager.asset
  artifactKey: Guid(00000000000000003000000000000000) Importer(815301076,1909f56bfc062723c751e8b465ee728b)
Start importing ProjectSettings/TagManager.asset using Guid(00000000000000003000000000000000) Importer(815301076,1909f56bfc062723c751e8b465ee728b)  -> (artifact id: 'e8c3ab6b558fa7fe7c42e9a55a892947') in 0.022364 seconds
  Import took 0.026058 seconds .

========================================================================
Received Prepare
Registering precompiled user dll's ...
Registered in 0.017652 seconds.
Begin MonoManager ReloadAssembly
Native extension for WindowsStandalone target not found
Refreshing native plugins compatible for Editor in 0.54 ms, found 2 plugins.
Preloading 0 native plugins for Editor in 0.00 ms.
Invoked RoslynAnalysisRunner static constructor.
RoslynAnalysisRunner will not be running.
RoslynAnalysisRunner has terminated.
Mono: successfully reloaded assembly
- Completed reload, in  1.425 seconds
Platform modules already initialized, skipping
Refreshing native plugins compatible for Editor in 0.50 ms, found 2 plugins.
Preloading 0 native plugins for Editor in 0.00 ms.
Unloading 1805 Unused Serialized files (Serialized files now loaded: 0)
System memory in use before: 91.1 MB.
System memory in use after: 91.1 MB.

Unloading 29 unused Assets to reduce memory usage. Loaded Objects now: 2287.
Total: 2.270700 ms (FindLiveObjects: 0.186800 ms CreateObjectMapping: 0.072500 ms MarkObjects: 1.892400 ms  DeleteObjects: 0.117700 ms)

========================================================================
Received Prepare
Registering precompiled user dll's ...
Registered in 0.018507 seconds.
Begin MonoManager ReloadAssembly
Native extension for WindowsStandalone target not found
Refreshing native plugins compatible for Editor in 0.62 ms, found 2 plugins.
Preloading 0 native plugins for Editor in 0.00 ms.
Invoked RoslynAnalysisRunner static constructor.
RoslynAnalysisRunner will not be running.
RoslynAnalysisRunner has terminated.
Mono: successfully reloaded assembly
- Completed reload, in  1.440 seconds
Platform modules already initialized, skipping
Refreshing native plugins compatible for Editor in 0.59 ms, found 2 plugins.
Preloading 0 native plugins for Editor in 0.00 ms.
Unloading 1805 Unused Serialized files (Serialized files now loaded: 0)
System memory in use before: 91.2 MB.
System memory in use after: 91.2 MB.

Unloading 28 unused Assets to reduce memory usage. Loaded Objects now: 2290.
Total: 2.696200 ms (FindLiveObjects: 0.207400 ms CreateObjectMapping: 0.097500 ms MarkObjects: 2.266700 ms  DeleteObjects: 0.123500 ms)

========================================================================
Received Import Request.
  Time since last request: 2490.862739 seconds.
  path: Assets/Prefabs
  artifactKey: Guid(f0fc40c6acaa88641bfaa0dcabc46284) Importer(815301076,1909f56bfc062723c751e8b465ee728b)
Start importing Assets/Prefabs using Guid(f0fc40c6acaa88641bfaa0dcabc46284) Importer(815301076,1909f56bfc062723c751e8b465ee728b)  -> (artifact id: '5ab2e8bbde2ec68317cf96c9d42a60a5') in 0.014579 seconds
  Import took 0.018878 seconds .

========================================================================
Received Import Request.
  Time since last request: 4.609324 seconds.
  path: Assets/Prefabs/Bullet.prefab
  artifactKey: Guid(3bc6c49baec5bb7419832501459de1d8) Importer(815301076,1909f56bfc062723c751e8b465ee728b)
Start importing Assets/Prefabs/Bullet.prefab using Guid(3bc6c49baec5bb7419832501459de1d8) Importer(815301076,1909f56bfc062723c751e8b465ee728b)  -> (artifact id: 'fbd066d36bd6aa3ed579d98677b52891') in 0.084864 seconds
  Import took 0.089255 seconds .

========================================================================
Received Prepare
Registering precompiled user dll's ...
Registered in 0.016006 seconds.
Begin MonoManager ReloadAssembly
Native extension for WindowsStandalone target not found
Refreshing native plugins compatible for Editor in 0.51 ms, found 2 plugins.
Preloading 0 native plugins for Editor in 0.00 ms.
Invoked RoslynAnalysisRunner static constructor.
RoslynAnalysisRunner will not be running.
RoslynAnalysisRunner has terminated.
Mono: successfully reloaded assembly
- Completed reload, in  1.341 seconds
Platform modules already initialized, skipping
Refreshing native plugins compatible for Editor in 0.43 ms, found 2 plugins.
Preloading 0 native plugins for Editor in 0.00 ms.
Unloading 1805 Unused Serialized files (Serialized files now loaded: 0)
System memory in use before: 91.3 MB.
System memory in use after: 91.3 MB.

Unloading 28 unused Assets to reduce memory usage. Loaded Objects now: 2298.
Total: 2.351600 ms (FindLiveObjects: 0.247500 ms CreateObjectMapping: 0.088800 ms MarkObjects: 1.905600 ms  DeleteObjects: 0.108500 ms)

========================================================================
Received Import Request.
  Time since last request: 858.669998 seconds.
  path: Assets/Prefabs/Bullet.prefab
  artifactKey: Guid(3bc6c49baec5bb7419832501459de1d8) Importer(815301076,1909f56bfc062723c751e8b465ee728b)
Start importing Assets/Prefabs/Bullet.prefab using Guid(3bc6c49baec5bb7419832501459de1d8) Importer(815301076,1909f56bfc062723c751e8b465ee728b)  -> (artifact id: '5436ec514695e0daf101c28f8f80fff9') in 0.644714 seconds
  Import took 0.648941 seconds .

========================================================================
Received Prepare
Registering precompiled user dll's ...
Registered in 0.016997 seconds.
Begin MonoManager ReloadAssembly
Native extension for WindowsStandalone target not found
Refreshing native plugins compatible for Editor in 0.51 ms, found 2 plugins.
Preloading 0 native plugins for Editor in 0.00 ms.
Invoked RoslynAnalysisRunner static constructor.
RoslynAnalysisRunner will not be running.
RoslynAnalysisRunner has terminated.
Mono: successfully reloaded assembly
- Completed reload, in  1.464 seconds
Platform modules already initialized, skipping
Refreshing native plugins compatible for Editor in 0.46 ms, found 2 plugins.
Preloading 0 native plugins for Editor in 0.00 ms.
Unloading 1805 Unused Serialized files (Serialized files now loaded: 0)
System memory in use before: 91.4 MB.
System memory in use after: 91.4 MB.

Unloading 28 unused Assets to reduce memory usage. Loaded Objects now: 2302.
Total: 2.905200 ms (FindLiveObjects: 0.190100 ms CreateObjectMapping: 0.066200 ms MarkObjects: 2.525100 ms  DeleteObjects: 0.122200 ms)

========================================================================
Received Prepare
Registering precompiled user dll's ...
Registered in 0.012929 seconds.
Begin MonoManager ReloadAssembly
Native extension for WindowsStandalone target not found
Refreshing native plugins compatible for Editor in 0.54 ms, found 2 plugins.
Preloading 0 native plugins for Editor in 0.00 ms.
Invoked RoslynAnalysisRunner static constructor.
RoslynAnalysisRunner will not be running.
RoslynAnalysisRunner has terminated.
Mono: successfully reloaded assembly
- Completed reload, in  1.444 seconds
Platform modules already initialized, skipping
Refreshing native plugins compatible for Editor in 0.54 ms, found 2 plugins.
Preloading 0 native plugins for Editor in 0.00 ms.
Unloading 1805 Unused Serialized files (Serialized files now loaded: 0)
System memory in use before: 91.5 MB.
System memory in use after: 91.5 MB.

Unloading 28 unused Assets to reduce memory usage. Loaded Objects now: 2305.
Total: 3.983600 ms (FindLiveObjects: 0.477100 ms CreateObjectMapping: 0.121300 ms MarkObjects: 3.242700 ms  DeleteObjects: 0.139800 ms)

========================================================================
Received Prepare
Registering precompiled user dll's ...
Registered in 0.013115 seconds.
Begin MonoManager ReloadAssembly
Native extension for WindowsStandalone target not found
Refreshing native plugins compatible for Editor in 0.80 ms, found 2 plugins.
Preloading 0 native plugins for Editor in 0.00 ms.
Invoked RoslynAnalysisRunner static constructor.
RoslynAnalysisRunner will not be running.
RoslynAnalysisRunner has terminated.
Mono: successfully reloaded assembly
- Completed reload, in  1.435 seconds
Platform modules already initialized, skipping
Refreshing native plugins compatible for Editor in 0.52 ms, found 2 plugins.
Preloading 0 native plugins for Editor in 0.00 ms.
Unloading 1805 Unused Serialized files (Serialized files now loaded: 0)
System memory in use before: 91.5 MB.
System memory in use after: 91.5 MB.

Unloading 28 unused Assets to reduce memory usage. Loaded Objects now: 2308.
Total: 2.009500 ms (FindLiveObjects: 0.189700 ms CreateObjectMapping: 0.068500 ms MarkObjects: 1.639300 ms  DeleteObjects: 0.110900 ms)

========================================================================
Received Prepare
Registering precompiled user dll's ...
Registered in 0.014251 seconds.
Begin MonoManager ReloadAssembly
Native extension for WindowsStandalone target not found
Refreshing native plugins compatible for Editor in 1.00 ms, found 2 plugins.
Preloading 0 native plugins for Editor in 0.00 ms.
Invoked RoslynAnalysisRunner static constructor.
RoslynAnalysisRunner will not be running.
RoslynAnalysisRunner has terminated.
Mono: successfully reloaded assembly
- Completed reload, in  1.418 seconds
Platform modules already initialized, skipping
Refreshing native plugins compatible for Editor in 0.50 ms, found 2 plugins.
Preloading 0 native plugins for Editor in 0.00 ms.
Unloading 1805 Unused Serialized files (Serialized files now loaded: 0)
System memory in use before: 91.6 MB.
System memory in use after: 91.6 MB.

Unloading 28 unused Assets to reduce memory usage. Loaded Objects now: 2311.
Total: 2.396400 ms (FindLiveObjects: 0.195100 ms CreateObjectMapping: 0.087600 ms MarkObjects: 1.984900 ms  DeleteObjects: 0.127700 ms)

========================================================================
Received Prepare
Registering precompiled user dll's ...
Registered in 0.013071 seconds.
Begin MonoManager ReloadAssembly
Native extension for WindowsStandalone target not found
Refreshing native plugins compatible for Editor in 0.60 ms, found 2 plugins.
Preloading 0 native plugins for Editor in 0.00 ms.
Invoked RoslynAnalysisRunner static constructor.
RoslynAnalysisRunner will not be running.
RoslynAnalysisRunner has terminated.
Mono: successfully reloaded assembly
- Completed reload, in  1.480 seconds
Platform modules already initialized, skipping
Refreshing native plugins compatible for Editor in 0.59 ms, found 2 plugins.
Preloading 0 native plugins for Editor in 0.00 ms.
Unloading 1805 Unused Serialized files (Serialized files now loaded: 0)
System memory in use before: 91.7 MB.
System memory in use after: 91.7 MB.

Unloading 28 unused Assets to reduce memory usage. Loaded Objects now: 2314.
Total: 2.292100 ms (FindLiveObjects: 0.216000 ms CreateObjectMapping: 0.078700 ms MarkObjects: 1.864100 ms  DeleteObjects: 0.132100 ms)

========================================================================
Received Prepare
Registering precompiled user dll's ...
Registered in 0.013111 seconds.
Begin MonoManager ReloadAssembly
Native extension for WindowsStandalone target not found
Refreshing native plugins compatible for Editor in 0.46 ms, found 2 plugins.
Preloading 0 native plugins for Editor in 0.00 ms.
Invoked RoslynAnalysisRunner static constructor.
RoslynAnalysisRunner will not be running.
RoslynAnalysisRunner has terminated.
Mono: successfully reloaded assembly
- Completed reload, in  1.433 seconds
Platform modules already initialized, skipping
Refreshing native plugins compatible for Editor in 0.75 ms, found 2 plugins.
Preloading 0 native plugins for Editor in 0.00 ms.
Unloading 1805 Unused Serialized files (Serialized files now loaded: 0)
System memory in use before: 91.8 MB.
System memory in use after: 91.8 MB.

Unloading 28 unused Assets to reduce memory usage. Loaded Objects now: 2317.
Total: 2.888700 ms (FindLiveObjects: 0.415000 ms CreateObjectMapping: 0.174700 ms MarkObjects: 2.083600 ms  DeleteObjects: 0.213400 ms)

========================================================================
Received Import Request.
  Time since last request: 1693.865009 seconds.
  path: Assets/Script/Player.cs
  artifactKey: Guid(d74a6130c9f6d83488127927165975dc) Importer(815301076,1909f56bfc062723c751e8b465ee728b)
Start importing Assets/Script/Player.cs using Guid(d74a6130c9f6d83488127927165975dc) Importer(815301076,1909f56bfc062723c751e8b465ee728b)  -> (artifact id: '74f09504db1283083811f1310c909cee') in 0.035973 seconds
  Import took 0.042279 seconds .

AssetImportWorkerClient::OnTransportError - code=2 error=End of file
